<?xml version="1.0" encoding="UTF-8"?>
<testng-results ignored="0" total="1" passed="1" failed="0" skipped="0">
  <reporter-output>
  </reporter-output>
  <suite started-at="2022-08-05T20:42:42 IST" name="Default suite" finished-at="2022-08-05T20:43:51 IST" duration-ms="69360">
    <groups>
    </groups>
    <test started-at="2022-08-05T20:42:42 IST" name="Default test" finished-at="2022-08-05T20:43:51 IST" duration-ms="69360">
      <class name="test_verify.testNG_test_class">
        <test-method is-config="true" signature="openbrowser()[pri:0, instance:test_verify.testNG_test_class@f78a47e]" started-at="2022-08-05T20:42:42 IST" name="openbrowser" finished-at="2022-08-05T20:43:13 IST" duration-ms="31051" status="PASS">
          <reporter-output>
          </reporter-output>
        </test-method> <!-- openbrowser -->
        <test-method is-config="true" signature="login_App()[pri:0, instance:test_verify.testNG_test_class@f78a47e]" started-at="2022-08-05T20:43:13 IST" name="login_App" finished-at="2022-08-05T20:43:23 IST" duration-ms="9784" status="PASS">
          <reporter-output>
          </reporter-output>
        </test-method> <!-- login_App -->
        <test-method signature="verify()[pri:0, instance:test_verify.testNG_test_class@f78a47e]" started-at="2022-08-05T20:43:23 IST" name="verify" finished-at="2022-08-05T20:43:51 IST" duration-ms="28326" status="PASS">
          <reporter-output>
          </reporter-output>
        </test-method> <!-- verify -->
        <test-method is-config="true" signature="logout(org.testng.ITestResult)[pri:0, instance:test_verify.testNG_test_class@f78a47e]" started-at="2022-08-05T20:43:51 IST" name="logout" finished-at="2022-08-05T20:43:51 IST" duration-ms="13" status="PASS">
          <params>
            <param index="0">
              <value>
                <![CDATA[[TestResult name=verify status=SUCCESS method=testNG_test_class.verify()[pri:0, instance:test_verify.testNG_test_class@f78a47e] output={null}]]]>
              </value>
            </param>
          </params>
          <reporter-output>
          </reporter-output>
        </test-method> <!-- logout -->
      </class> <!-- test_verify.testNG_test_class -->
    </test> <!-- Default test -->
  </suite> <!-- Default suite -->
</testng-results>
